<?xml version="1.0" encoding="UTF-8"?>
<!-- Generated by org.testng.reporters.JUnitReportReporter -->
<testsuite hostname="RajRohit-PC" failures="0" tests="1" name="com.ty.SeleniumProject.CreateSeleniumProjectTest" time="0.012" errors="0" timestamp="2021-08-04T13:55:23 IST" skipped="0">
  <testcase classname="com.ty.SeleniumProject.CreateSeleniumProjectTest" name="createSeleniumProject" time="0.012"/>
  <system-out/>
</testsuite> <!-- com.ty.SeleniumProject.CreateSeleniumProjectTest -->
